执行日期：2015-11-21-15:40:01
【接收到的notify通知】:
<xml><appid><![CDATA[wx92970832ecad238a]]></appid>
<bank_type><![CDATA[CFT]]></bank_type>
<cash_fee><![CDATA[1]]></cash_fee>
<fee_type><![CDATA[CNY]]></fee_type>
<is_subscribe><![CDATA[Y]]></is_subscribe>
<mch_id><![CDATA[1233219102]]></mch_id>
<nonce_str><![CDATA[ty3lqtlb1i4d2myimbbssm2juw0u0hgl]]></nonce_str>
<openid><![CDATA[onSWAuOcOaSJgGidvKTJoj6u0rCc]]></openid>
<out_trade_no><![CDATA[2015112127923]]></out_trade_no>
<result_code><![CDATA[SUCCESS]]></result_code>
<return_code><![CDATA[SUCCESS]]></return_code>
<sign><![CDATA[310544A2C7D140DA81C1BF3BAC14C1C6]]></sign>
<time_end><![CDATA[20151121154001]]></time_end>
<total_fee>1</total_fee>
<trade_type><![CDATA[JSAPI]]></trade_type>
<transaction_id><![CDATA[1004851018201511211700439202]]></transaction_id>
</xml>


执行日期：2015-11-21-15:40:02
【支付成功】:
2015112127923


执行日期：2015-11-21-16:35:35
【接收到的notify通知】:
<xml><appid><![CDATA[wx92970832ecad238a]]></appid>
<bank_type><![CDATA[CFT]]></bank_type>
<cash_fee><![CDATA[1]]></cash_fee>
<fee_type><![CDATA[CNY]]></fee_type>
<is_subscribe><![CDATA[Y]]></is_subscribe>
<mch_id><![CDATA[1233219102]]></mch_id>
<nonce_str><![CDATA[984mfmluiww2pe0uoj6bzdg2g1bsaslh]]></nonce_str>
<openid><![CDATA[onSWAuOcOaSJgGidvKTJoj6u0rCc]]></openid>
<out_trade_no><![CDATA[2015112127983]]></out_trade_no>
<result_code><![CDATA[SUCCESS]]></result_code>
<return_code><![CDATA[SUCCESS]]></return_code>
<sign><![CDATA[7A39A35B453B2986FAED9817E2BABBE6]]></sign>
<time_end><![CDATA[20151121163535]]></time_end>
<total_fee>1</total_fee>
<trade_type><![CDATA[JSAPI]]></trade_type>
<transaction_id><![CDATA[1004851018201511211701236193]]></transaction_id>
</xml>


执行日期：2015-11-21-16:35:36
【支付成功】:
2015112127983


执行日期：2015-11-21-16:36:59
【接收到的notify通知】:
<xml><appid><![CDATA[wx92970832ecad238a]]></appid>
<bank_type><![CDATA[CFT]]></bank_type>
<cash_fee><![CDATA[1]]></cash_fee>
<fee_type><![CDATA[CNY]]></fee_type>
<is_subscribe><![CDATA[Y]]></is_subscribe>
<mch_id><![CDATA[1233219102]]></mch_id>
<nonce_str><![CDATA[3o0bpw7v3a8qpdxnbq4s72jl47vo52we]]></nonce_str>
<openid><![CDATA[onSWAuMUYFynwR24kNlMlr8B0xbw]]></openid>
<out_trade_no><![CDATA[2015112125063]]></out_trade_no>
<result_code><![CDATA[SUCCESS]]></result_code>
<return_code><![CDATA[SUCCESS]]></return_code>
<sign><![CDATA[F3609226DB72C96F28B59D23AF73F2F7]]></sign>
<time_end><![CDATA[20151121163658]]></time_end>
<total_fee>1</total_fee>
<trade_type><![CDATA[JSAPI]]></trade_type>
<transaction_id><![CDATA[1000291018201511211701262367]]></transaction_id>
</xml>


执行日期：2015-11-21-16:40:37
【接收到的notify通知】:
<xml><appid><![CDATA[wx92970832ecad238a]]></appid>
<bank_type><![CDATA[CFT]]></bank_type>
<cash_fee><![CDATA[1]]></cash_fee>
<fee_type><![CDATA[CNY]]></fee_type>
<is_subscribe><![CDATA[Y]]></is_subscribe>
<mch_id><![CDATA[1233219102]]></mch_id>
<nonce_str><![CDATA[fxux4hnqkfkf5bxqd2bzpwet9pv56udv]]></nonce_str>
<openid><![CDATA[onSWAuOcOaSJgGidvKTJoj6u0rCc]]></openid>
<out_trade_no><![CDATA[2015112175009]]></out_trade_no>
<result_code><![CDATA[SUCCESS]]></result_code>
<return_code><![CDATA[SUCCESS]]></return_code>
<sign><![CDATA[EB40D119EC96A1BC2748C5FADDA207B8]]></sign>
<time_end><![CDATA[20151121164037]]></time_end>
<total_fee>1</total_fee>
<trade_type><![CDATA[JSAPI]]></trade_type>
<transaction_id><![CDATA[1004851018201511211701323148]]></transaction_id>
</xml>


执行日期：2015-11-21-16:40:38
【支付成功】:
2015112175009


执行日期：2015-11-21-16:44:27
【接收到的notify通知】:
<xml><appid><![CDATA[wx92970832ecad238a]]></appid>
<bank_type><![CDATA[CFT]]></bank_type>
<cash_fee><![CDATA[1]]></cash_fee>
<fee_type><![CDATA[CNY]]></fee_type>
<is_subscribe><![CDATA[Y]]></is_subscribe>
<mch_id><![CDATA[1233219102]]></mch_id>
<nonce_str><![CDATA[dl3l7a6xptzehuibiwaoijj4va4hsfat]]></nonce_str>
<openid><![CDATA[onSWAuMUYFynwR24kNlMlr8B0xbw]]></openid>
<out_trade_no><![CDATA[2015112187166]]></out_trade_no>
<result_code><![CDATA[SUCCESS]]></result_code>
<return_code><![CDATA[SUCCESS]]></return_code>
<sign><![CDATA[7B7CDEB942DE6F83358C1370F01AAE1E]]></sign>
<time_end><![CDATA[20151121164427]]></time_end>
<total_fee>1</total_fee>
<trade_type><![CDATA[JSAPI]]></trade_type>
<transaction_id><![CDATA[1000291018201511211701398814]]></transaction_id>
</xml>


执行日期：2015-11-21-16:49:44
【接收到的notify通知】:
<xml><appid><![CDATA[wx92970832ecad238a]]></appid>
<bank_type><![CDATA[CFT]]></bank_type>
<cash_fee><![CDATA[1]]></cash_fee>
<fee_type><![CDATA[CNY]]></fee_type>
<is_subscribe><![CDATA[Y]]></is_subscribe>
<mch_id><![CDATA[1233219102]]></mch_id>
<nonce_str><![CDATA[29485mi90evmcytqjian2qlfmvpszq7r]]></nonce_str>
<openid><![CDATA[onSWAuOcOaSJgGidvKTJoj6u0rCc]]></openid>
<out_trade_no><![CDATA[2015112138028]]></out_trade_no>
<result_code><![CDATA[SUCCESS]]></result_code>
<return_code><![CDATA[SUCCESS]]></return_code>
<sign><![CDATA[B4E0F329F09E0734818F30706AF90623]]></sign>
<time_end><![CDATA[20151121164944]]></time_end>
<total_fee>1</total_fee>
<trade_type><![CDATA[JSAPI]]></trade_type>
<transaction_id><![CDATA[1004851018201511211701464941]]></transaction_id>
</xml>


执行日期：2015-11-21-16:49:45
【支付成功】:
2015112138028


执行日期：2015-11-21-16:53:13
【接收到的notify通知】:
<xml><appid><![CDATA[wx92970832ecad238a]]></appid>
<bank_type><![CDATA[CFT]]></bank_type>
<cash_fee><![CDATA[1]]></cash_fee>
<fee_type><![CDATA[CNY]]></fee_type>
<is_subscribe><![CDATA[Y]]></is_subscribe>
<mch_id><![CDATA[1233219102]]></mch_id>
<nonce_str><![CDATA[gqn54szgpizpifuhnc760t36d7e3awo5]]></nonce_str>
<openid><![CDATA[onSWAuOcOaSJgGidvKTJoj6u0rCc]]></openid>
<out_trade_no><![CDATA[2015112109558]]></out_trade_no>
<result_code><![CDATA[SUCCESS]]></result_code>
<return_code><![CDATA[SUCCESS]]></return_code>
<sign><![CDATA[B22BB99A70EE2790339B4C42CBC14C36]]></sign>
<time_end><![CDATA[20151121165311]]></time_end>
<total_fee>1</total_fee>
<trade_type><![CDATA[JSAPI]]></trade_type>
<transaction_id><![CDATA[1004851018201511211701537030]]></transaction_id>
</xml>


执行日期：2015-11-21-16:53:18
【支付成功】:
2015112109558


执行日期：2015-11-21-16:53:25
【接收到的notify通知】:
<xml><appid><![CDATA[wx92970832ecad238a]]></appid>
<bank_type><![CDATA[CFT]]></bank_type>
<cash_fee><![CDATA[1]]></cash_fee>
<fee_type><![CDATA[CNY]]></fee_type>
<is_subscribe><![CDATA[Y]]></is_subscribe>
<mch_id><![CDATA[1233219102]]></mch_id>
<nonce_str><![CDATA[gqn54szgpizpifuhnc760t36d7e3awo5]]></nonce_str>
<openid><![CDATA[onSWAuOcOaSJgGidvKTJoj6u0rCc]]></openid>
<out_trade_no><![CDATA[2015112109558]]></out_trade_no>
<result_code><![CDATA[SUCCESS]]></result_code>
<return_code><![CDATA[SUCCESS]]></return_code>
<sign><![CDATA[B22BB99A70EE2790339B4C42CBC14C36]]></sign>
<time_end><![CDATA[20151121165311]]></time_end>
<total_fee>1</total_fee>
<trade_type><![CDATA[JSAPI]]></trade_type>
<transaction_id><![CDATA[1004851018201511211701537030]]></transaction_id>
</xml>


执行日期：2015-11-21-16:53:26
【支付成功】:
2015112109558


执行日期：2015-11-21-16:56:33
【接收到的notify通知】:
<xml><appid><![CDATA[wx92970832ecad238a]]></appid>
<bank_type><![CDATA[CFT]]></bank_type>
<cash_fee><![CDATA[1]]></cash_fee>
<fee_type><![CDATA[CNY]]></fee_type>
<is_subscribe><![CDATA[Y]]></is_subscribe>
<mch_id><![CDATA[1233219102]]></mch_id>
<nonce_str><![CDATA[7i0xul3mjb9xug387a8pn94bxt5r2d9m]]></nonce_str>
<openid><![CDATA[onSWAuMUYFynwR24kNlMlr8B0xbw]]></openid>
<out_trade_no><![CDATA[2015112191828]]></out_trade_no>
<result_code><![CDATA[SUCCESS]]></result_code>
<return_code><![CDATA[SUCCESS]]></return_code>
<sign><![CDATA[E7C7A960C72D2266B5F425D1A6ABC45C]]></sign>
<time_end><![CDATA[20151121165633]]></time_end>
<total_fee>1</total_fee>
<trade_type><![CDATA[JSAPI]]></trade_type>
<transaction_id><![CDATA[1000291018201511211701589226]]></transaction_id>
</xml>


执行日期：2015-11-21-17:05:30
【接收到的notify通知】:
<xml><appid><![CDATA[wx92970832ecad238a]]></appid>
<bank_type><![CDATA[CFT]]></bank_type>
<cash_fee><![CDATA[1]]></cash_fee>
<fee_type><![CDATA[CNY]]></fee_type>
<is_subscribe><![CDATA[Y]]></is_subscribe>
<mch_id><![CDATA[1233219102]]></mch_id>
<nonce_str><![CDATA[e96wopxhdvt68w5iui9kxwysehqm64i4]]></nonce_str>
<openid><![CDATA[onSWAuMUYFynwR24kNlMlr8B0xbw]]></openid>
<out_trade_no><![CDATA[2015112160767]]></out_trade_no>
<result_code><![CDATA[SUCCESS]]></result_code>
<return_code><![CDATA[SUCCESS]]></return_code>
<sign><![CDATA[D86F5D64E988B7C9B1C619ADCB419960]]></sign>
<time_end><![CDATA[20151121170529]]></time_end>
<total_fee>1</total_fee>
<trade_type><![CDATA[JSAPI]]></trade_type>
<transaction_id><![CDATA[1000291018201511211701735068]]></transaction_id>
</xml>


执行日期：2015-11-21-17:11:37
【接收到的notify通知】:
<xml><appid><![CDATA[wx92970832ecad238a]]></appid>
<bank_type><![CDATA[CFT]]></bank_type>
<cash_fee><![CDATA[1]]></cash_fee>
<fee_type><![CDATA[CNY]]></fee_type>
<is_subscribe><![CDATA[Y]]></is_subscribe>
<mch_id><![CDATA[1233219102]]></mch_id>
<nonce_str><![CDATA[c0ej253bfos915zcvj7o6bg2etxv0hj5]]></nonce_str>
<openid><![CDATA[onSWAuOcOaSJgGidvKTJoj6u0rCc]]></openid>
<out_trade_no><![CDATA[2015112127840]]></out_trade_no>
<result_code><![CDATA[SUCCESS]]></result_code>
<return_code><![CDATA[SUCCESS]]></return_code>
<sign><![CDATA[09E3B093CDD7EF7C3BEE9595D00500E8]]></sign>
<time_end><![CDATA[20151121171136]]></time_end>
<total_fee>1</total_fee>
<trade_type><![CDATA[JSAPI]]></trade_type>
<transaction_id><![CDATA[1004851018201511211701846627]]></transaction_id>
</xml>


执行日期：2015-11-21-17:11:37
【支付成功】:
2015112127840


执行日期：2015-11-21-17:12:32
【接收到的notify通知】:
<xml><appid><![CDATA[wx92970832ecad238a]]></appid>
<bank_type><![CDATA[CFT]]></bank_type>
<cash_fee><![CDATA[1]]></cash_fee>
<fee_type><![CDATA[CNY]]></fee_type>
<is_subscribe><![CDATA[Y]]></is_subscribe>
<mch_id><![CDATA[1233219102]]></mch_id>
<nonce_str><![CDATA[qbavu1r9t3mmvrw3f4ala99tphka8nza]]></nonce_str>
<openid><![CDATA[onSWAuMUYFynwR24kNlMlr8B0xbw]]></openid>
<out_trade_no><![CDATA[2015112106683]]></out_trade_no>
<result_code><![CDATA[SUCCESS]]></result_code>
<return_code><![CDATA[SUCCESS]]></return_code>
<sign><![CDATA[69CE128221F7E2C1B46CD410B0143AA2]]></sign>
<time_end><![CDATA[20151121171231]]></time_end>
<total_fee>1</total_fee>
<trade_type><![CDATA[JSAPI]]></trade_type>
<transaction_id><![CDATA[1000291018201511211701855673]]></transaction_id>
</xml>


执行日期：2015-11-21-17:21:23
【接收到的notify通知】:
<xml><appid><![CDATA[wx92970832ecad238a]]></appid>
<bank_type><![CDATA[CFT]]></bank_type>
<cash_fee><![CDATA[1]]></cash_fee>
<fee_type><![CDATA[CNY]]></fee_type>
<is_subscribe><![CDATA[Y]]></is_subscribe>
<mch_id><![CDATA[1233219102]]></mch_id>
<nonce_str><![CDATA[dwqhwv3rz72int29ivhst125jedgy59p]]></nonce_str>
<openid><![CDATA[onSWAuOcOaSJgGidvKTJoj6u0rCc]]></openid>
<out_trade_no><![CDATA[2015112183843]]></out_trade_no>
<result_code><![CDATA[SUCCESS]]></result_code>
<return_code><![CDATA[SUCCESS]]></return_code>
<sign><![CDATA[7A37D6F27E8C426F5B0F5A7FE2555F3F]]></sign>
<time_end><![CDATA[20151121172122]]></time_end>
<total_fee>1</total_fee>
<trade_type><![CDATA[JSAPI]]></trade_type>
<transaction_id><![CDATA[1004851018201511211702007098]]></transaction_id>
</xml>


执行日期：2015-11-21-17:21:25
【支付成功】:
2015112183843


执行日期：2015-11-21-17:21:42
【接收到的notify通知】:
<xml><appid><![CDATA[wx92970832ecad238a]]></appid>
<bank_type><![CDATA[CFT]]></bank_type>
<cash_fee><![CDATA[1]]></cash_fee>
<fee_type><![CDATA[CNY]]></fee_type>
<is_subscribe><![CDATA[Y]]></is_subscribe>
<mch_id><![CDATA[1233219102]]></mch_id>
<nonce_str><![CDATA[dwqhwv3rz72int29ivhst125jedgy59p]]></nonce_str>
<openid><![CDATA[onSWAuOcOaSJgGidvKTJoj6u0rCc]]></openid>
<out_trade_no><![CDATA[2015112183843]]></out_trade_no>
<result_code><![CDATA[SUCCESS]]></result_code>
<return_code><![CDATA[SUCCESS]]></return_code>
<sign><![CDATA[7A37D6F27E8C426F5B0F5A7FE2555F3F]]></sign>
<time_end><![CDATA[20151121172122]]></time_end>
<total_fee>1</total_fee>
<trade_type><![CDATA[JSAPI]]></trade_type>
<transaction_id><![CDATA[1004851018201511211702007098]]></transaction_id>
</xml>


执行日期：2015-11-21-17:21:42
【支付成功】:
2015112183843


执行日期：2015-11-21-17:22:55
【接收到的notify通知】:
<xml><appid><![CDATA[wx92970832ecad238a]]></appid>
<bank_type><![CDATA[CFT]]></bank_type>
<cash_fee><![CDATA[1]]></cash_fee>
<fee_type><![CDATA[CNY]]></fee_type>
<is_subscribe><![CDATA[Y]]></is_subscribe>
<mch_id><![CDATA[1233219102]]></mch_id>
<nonce_str><![CDATA[vd4zsjv3rspfg7mc08o13ddgze9brplx]]></nonce_str>
<openid><![CDATA[onSWAuMUYFynwR24kNlMlr8B0xbw]]></openid>
<out_trade_no><![CDATA[2015112117486]]></out_trade_no>
<result_code><![CDATA[SUCCESS]]></result_code>
<return_code><![CDATA[SUCCESS]]></return_code>
<sign><![CDATA[3428A2D2AA946C11B028226126485352]]></sign>
<time_end><![CDATA[20151121172254]]></time_end>
<total_fee>1</total_fee>
<trade_type><![CDATA[JSAPI]]></trade_type>
<transaction_id><![CDATA[1000291018201511211702029881]]></transaction_id>
</xml>


执行日期：2015-11-21-17:28:55
【接收到的notify通知】:
<xml><appid><![CDATA[wx92970832ecad238a]]></appid>
<bank_type><![CDATA[CFT]]></bank_type>
<cash_fee><![CDATA[1]]></cash_fee>
<fee_type><![CDATA[CNY]]></fee_type>
<is_subscribe><![CDATA[Y]]></is_subscribe>
<mch_id><![CDATA[1233219102]]></mch_id>
<nonce_str><![CDATA[e2pb7o2el89tj24beqn4wtyl8o9y46cl]]></nonce_str>
<openid><![CDATA[onSWAuOcOaSJgGidvKTJoj6u0rCc]]></openid>
<out_trade_no><![CDATA[2015112175769]]></out_trade_no>
<result_code><![CDATA[SUCCESS]]></result_code>
<return_code><![CDATA[SUCCESS]]></return_code>
<sign><![CDATA[A267519B2863021EE2126364934F38CB]]></sign>
<time_end><![CDATA[20151121172855]]></time_end>
<total_fee>1</total_fee>
<trade_type><![CDATA[JSAPI]]></trade_type>
<transaction_id><![CDATA[1004851018201511211702148887]]></transaction_id>
</xml>


执行日期：2015-11-21-17:28:55
【支付成功】:
2015112175769


执行日期：2015-11-21-17:29:42
【接收到的notify通知】:
<xml><appid><![CDATA[wx92970832ecad238a]]></appid>
<bank_type><![CDATA[CFT]]></bank_type>
<cash_fee><![CDATA[1]]></cash_fee>
<fee_type><![CDATA[CNY]]></fee_type>
<is_subscribe><![CDATA[Y]]></is_subscribe>
<mch_id><![CDATA[1233219102]]></mch_id>
<nonce_str><![CDATA[ufwjpl84limrbuxssl7yv0w5u3irjf0e]]></nonce_str>
<openid><![CDATA[onSWAuMUYFynwR24kNlMlr8B0xbw]]></openid>
<out_trade_no><![CDATA[2015112166246]]></out_trade_no>
<result_code><![CDATA[SUCCESS]]></result_code>
<return_code><![CDATA[SUCCESS]]></return_code>
<sign><![CDATA[FC85BD43DEC4EF85307ADA8C746F41A1]]></sign>
<time_end><![CDATA[20151121172942]]></time_end>
<total_fee>1</total_fee>
<trade_type><![CDATA[JSAPI]]></trade_type>
<transaction_id><![CDATA[1000291018201511211702174412]]></transaction_id>
</xml>


执行日期：2015-11-21-17:29:58
【接收到的notify通知】:
<xml><appid><![CDATA[wx92970832ecad238a]]></appid>
<bank_type><![CDATA[CFT]]></bank_type>
<cash_fee><![CDATA[1]]></cash_fee>
<fee_type><![CDATA[CNY]]></fee_type>
<is_subscribe><![CDATA[Y]]></is_subscribe>
<mch_id><![CDATA[1233219102]]></mch_id>
<nonce_str><![CDATA[ufwjpl84limrbuxssl7yv0w5u3irjf0e]]></nonce_str>
<openid><![CDATA[onSWAuMUYFynwR24kNlMlr8B0xbw]]></openid>
<out_trade_no><![CDATA[2015112166246]]></out_trade_no>
<result_code><![CDATA[SUCCESS]]></result_code>
<return_code><![CDATA[SUCCESS]]></return_code>
<sign><![CDATA[FC85BD43DEC4EF85307ADA8C746F41A1]]></sign>
<time_end><![CDATA[20151121172942]]></time_end>
<total_fee>1</total_fee>
<trade_type><![CDATA[JSAPI]]></trade_type>
<transaction_id><![CDATA[1000291018201511211702174412]]></transaction_id>
</xml>


执行日期：2015-11-21-17:30:14
【接收到的notify通知】:
<xml><appid><![CDATA[wx92970832ecad238a]]></appid>
<bank_type><![CDATA[CFT]]></bank_type>
<cash_fee><![CDATA[1]]></cash_fee>
<fee_type><![CDATA[CNY]]></fee_type>
<is_subscribe><![CDATA[Y]]></is_subscribe>
<mch_id><![CDATA[1233219102]]></mch_id>
<nonce_str><![CDATA[ufwjpl84limrbuxssl7yv0w5u3irjf0e]]></nonce_str>
<openid><![CDATA[onSWAuMUYFynwR24kNlMlr8B0xbw]]></openid>
<out_trade_no><![CDATA[2015112166246]]></out_trade_no>
<result_code><![CDATA[SUCCESS]]></result_code>
<return_code><![CDATA[SUCCESS]]></return_code>
<sign><![CDATA[FC85BD43DEC4EF85307ADA8C746F41A1]]></sign>
<time_end><![CDATA[20151121172942]]></time_end>
<total_fee>1</total_fee>
<trade_type><![CDATA[JSAPI]]></trade_type>
<transaction_id><![CDATA[1000291018201511211702174412]]></transaction_id>
</xml>


执行日期：2015-11-21-17:30:46
【接收到的notify通知】:
<xml><appid><![CDATA[wx92970832ecad238a]]></appid>
<bank_type><![CDATA[CFT]]></bank_type>
<cash_fee><![CDATA[1]]></cash_fee>
<fee_type><![CDATA[CNY]]></fee_type>
<is_subscribe><![CDATA[Y]]></is_subscribe>
<mch_id><![CDATA[1233219102]]></mch_id>
<nonce_str><![CDATA[ufwjpl84limrbuxssl7yv0w5u3irjf0e]]></nonce_str>
<openid><![CDATA[onSWAuMUYFynwR24kNlMlr8B0xbw]]></openid>
<out_trade_no><![CDATA[2015112166246]]></out_trade_no>
<result_code><![CDATA[SUCCESS]]></result_code>
<return_code><![CDATA[SUCCESS]]></return_code>
<sign><![CDATA[FC85BD43DEC4EF85307ADA8C746F41A1]]></sign>
<time_end><![CDATA[20151121172942]]></time_end>
<total_fee>1</total_fee>
<trade_type><![CDATA[JSAPI]]></trade_type>
<transaction_id><![CDATA[1000291018201511211702174412]]></transaction_id>
</xml>


执行日期：2015-11-21-17:33:50
【接收到的notify通知】:
<xml><appid><![CDATA[wx92970832ecad238a]]></appid>
<bank_type><![CDATA[CFT]]></bank_type>
<cash_fee><![CDATA[1]]></cash_fee>
<fee_type><![CDATA[CNY]]></fee_type>
<is_subscribe><![CDATA[Y]]></is_subscribe>
<mch_id><![CDATA[1233219102]]></mch_id>
<nonce_str><![CDATA[ufwjpl84limrbuxssl7yv0w5u3irjf0e]]></nonce_str>
<openid><![CDATA[onSWAuMUYFynwR24kNlMlr8B0xbw]]></openid>
<out_trade_no><![CDATA[2015112166246]]></out_trade_no>
<result_code><![CDATA[SUCCESS]]></result_code>
<return_code><![CDATA[SUCCESS]]></return_code>
<sign><![CDATA[FC85BD43DEC4EF85307ADA8C746F41A1]]></sign>
<time_end><![CDATA[20151121172942]]></time_end>
<total_fee>1</total_fee>
<trade_type><![CDATA[JSAPI]]></trade_type>
<transaction_id><![CDATA[1000291018201511211702174412]]></transaction_id>
</xml>


执行日期：2015-11-21-17:42:40
【接收到的notify通知】:
<xml><appid><![CDATA[wx92970832ecad238a]]></appid>
<bank_type><![CDATA[CFT]]></bank_type>
<cash_fee><![CDATA[1]]></cash_fee>
<fee_type><![CDATA[CNY]]></fee_type>
<is_subscribe><![CDATA[Y]]></is_subscribe>
<mch_id><![CDATA[1233219102]]></mch_id>
<nonce_str><![CDATA[w5k3uxi78oxdnwfm1pt2fb8rp2jog7fc]]></nonce_str>
<openid><![CDATA[onSWAuOcOaSJgGidvKTJoj6u0rCc]]></openid>
<out_trade_no><![CDATA[2015112165107]]></out_trade_no>
<result_code><![CDATA[SUCCESS]]></result_code>
<return_code><![CDATA[SUCCESS]]></return_code>
<sign><![CDATA[631A15D3AC668B5198693518022A3077]]></sign>
<time_end><![CDATA[20151121174239]]></time_end>
<total_fee>1</total_fee>
<trade_type><![CDATA[JSAPI]]></trade_type>
<transaction_id><![CDATA[1004851018201511211702398739]]></transaction_id>
</xml>


执行日期：2015-11-21-17:42:40
【支付成功】:
2015112165107


执行日期：2015-11-21-17:45:16
【接收到的notify通知】:
<xml><appid><![CDATA[wx92970832ecad238a]]></appid>
<bank_type><![CDATA[CFT]]></bank_type>
<cash_fee><![CDATA[1]]></cash_fee>
<fee_type><![CDATA[CNY]]></fee_type>
<is_subscribe><![CDATA[Y]]></is_subscribe>
<mch_id><![CDATA[1233219102]]></mch_id>
<nonce_str><![CDATA[enb8uaoydfk12fb5yo9bcpasr5ctpnwy]]></nonce_str>
<openid><![CDATA[onSWAuMUYFynwR24kNlMlr8B0xbw]]></openid>
<out_trade_no><![CDATA[2015112129083]]></out_trade_no>
<result_code><![CDATA[SUCCESS]]></result_code>
<return_code><![CDATA[SUCCESS]]></return_code>
<sign><![CDATA[5B877457D9E629C822507E654232FA10]]></sign>
<time_end><![CDATA[20151121174516]]></time_end>
<total_fee>1</total_fee>
<trade_type><![CDATA[JSAPI]]></trade_type>
<transaction_id><![CDATA[1000291018201511211702444337]]></transaction_id>
</xml>


执行日期：2015-11-21-17:45:19
【支付成功】:
2015112129083


执行日期：2015-11-21-17:45:33
【接收到的notify通知】:
<xml><appid><![CDATA[wx92970832ecad238a]]></appid>
<bank_type><![CDATA[CFT]]></bank_type>
<cash_fee><![CDATA[1]]></cash_fee>
<fee_type><![CDATA[CNY]]></fee_type>
<is_subscribe><![CDATA[Y]]></is_subscribe>
<mch_id><![CDATA[1233219102]]></mch_id>
<nonce_str><![CDATA[enb8uaoydfk12fb5yo9bcpasr5ctpnwy]]></nonce_str>
<openid><![CDATA[onSWAuMUYFynwR24kNlMlr8B0xbw]]></openid>
<out_trade_no><![CDATA[2015112129083]]></out_trade_no>
<result_code><![CDATA[SUCCESS]]></result_code>
<return_code><![CDATA[SUCCESS]]></return_code>
<sign><![CDATA[5B877457D9E629C822507E654232FA10]]></sign>
<time_end><![CDATA[20151121174516]]></time_end>
<total_fee>1</total_fee>
<trade_type><![CDATA[JSAPI]]></trade_type>
<transaction_id><![CDATA[1000291018201511211702444337]]></transaction_id>
</xml>


执行日期：2015-11-21-17:45:34
【支付成功】:
2015112129083


执行日期：2015-11-22-00:32:50
【接收到的notify通知】:
<xml><appid><![CDATA[wx92970832ecad238a]]></appid>
<bank_type><![CDATA[CFT]]></bank_type>
<cash_fee><![CDATA[1]]></cash_fee>
<fee_type><![CDATA[CNY]]></fee_type>
<is_subscribe><![CDATA[Y]]></is_subscribe>
<mch_id><![CDATA[1233219102]]></mch_id>
<nonce_str><![CDATA[ginwv56f6sgahuuxr2bkfvjckptrrm6s]]></nonce_str>
<openid><![CDATA[onSWAuMrSEAjczovHNIJEIsUmcxs]]></openid>
<out_trade_no><![CDATA[2015112205028]]></out_trade_no>
<result_code><![CDATA[SUCCESS]]></result_code>
<return_code><![CDATA[SUCCESS]]></return_code>
<sign><![CDATA[E394AACB7AFF1F5E24DB72EF9A21A8F3]]></sign>
<time_end><![CDATA[20151122003249]]></time_end>
<total_fee>1</total_fee>
<trade_type><![CDATA[JSAPI]]></trade_type>
<transaction_id><![CDATA[1007531018201511221708075410]]></transaction_id>
</xml>


执行日期：2015-11-22-00:32:50
【支付成功】:
2015112205028


执行日期：2015-11-22-12:04:03
【接收到的notify通知】:
<xml><appid><![CDATA[wx92970832ecad238a]]></appid>
<bank_type><![CDATA[CFT]]></bank_type>
<cash_fee><![CDATA[1]]></cash_fee>
<fee_type><![CDATA[CNY]]></fee_type>
<is_subscribe><![CDATA[Y]]></is_subscribe>
<mch_id><![CDATA[1233219102]]></mch_id>
<nonce_str><![CDATA[w9no0xrl4m5fqwd2fky8vraji7mk7626]]></nonce_str>
<openid><![CDATA[onSWAuMrSEAjczovHNIJEIsUmcxs]]></openid>
<out_trade_no><![CDATA[2015112224330]]></out_trade_no>
<result_code><![CDATA[SUCCESS]]></result_code>
<return_code><![CDATA[SUCCESS]]></return_code>
<sign><![CDATA[96D1947306BDFF1C468D799C7E8C11AE]]></sign>
<time_end><![CDATA[20151122120403]]></time_end>
<total_fee>1</total_fee>
<trade_type><![CDATA[JSAPI]]></trade_type>
<transaction_id><![CDATA[1007531018201511221711859798]]></transaction_id>
</xml>


执行日期：2015-11-22-12:04:04
【支付成功】:
2015112224330


执行日期：2015-11-22-12:06:25
【接收到的notify通知】:
<xml><appid><![CDATA[wx92970832ecad238a]]></appid>
<bank_type><![CDATA[CFT]]></bank_type>
<cash_fee><![CDATA[1]]></cash_fee>
<fee_type><![CDATA[CNY]]></fee_type>
<is_subscribe><![CDATA[Y]]></is_subscribe>
<mch_id><![CDATA[1233219102]]></mch_id>
<nonce_str><![CDATA[lybbs3yps6yv0bucl4u5zq4kxqtgnypv]]></nonce_str>
<openid><![CDATA[onSWAuCC_T8YAJeO2Q6bEhtrN0gY]]></openid>
<out_trade_no><![CDATA[2015112211814]]></out_trade_no>
<result_code><![CDATA[SUCCESS]]></result_code>
<return_code><![CDATA[SUCCESS]]></return_code>
<sign><![CDATA[D0C9F3D1486EC935AD457AFDCF001955]]></sign>
<time_end><![CDATA[20151122120624]]></time_end>
<total_fee>1</total_fee>
<trade_type><![CDATA[JSAPI]]></trade_type>
<transaction_id><![CDATA[1007021018201511221711926257]]></transaction_id>
</xml>


执行日期：2015-11-22-12:06:27
【支付成功】:
2015112211814


执行日期：2015-11-22-12:39:04
【接收到的notify通知】:
<xml><appid><![CDATA[wx92970832ecad238a]]></appid>
<bank_type><![CDATA[CFT]]></bank_type>
<cash_fee><![CDATA[2]]></cash_fee>
<fee_type><![CDATA[CNY]]></fee_type>
<is_subscribe><![CDATA[Y]]></is_subscribe>
<mch_id><![CDATA[1233219102]]></mch_id>
<nonce_str><![CDATA[7j9k1yt7dux8gehci685rj3shiamiy73]]></nonce_str>
<openid><![CDATA[onSWAuMrSEAjczovHNIJEIsUmcxs]]></openid>
<out_trade_no><![CDATA[2015112235643]]></out_trade_no>
<result_code><![CDATA[SUCCESS]]></result_code>
<return_code><![CDATA[SUCCESS]]></return_code>
<sign><![CDATA[D3D22636AB8AFD4B5D504670CB4E3361]]></sign>
<time_end><![CDATA[20151122123904]]></time_end>
<total_fee>2</total_fee>
<trade_type><![CDATA[JSAPI]]></trade_type>
<transaction_id><![CDATA[1007531018201511221712550183]]></transaction_id>
</xml>


执行日期：2015-11-22-12:39:05
【支付成功】:
2015112235643


执行日期：2015-11-22-20:33:49
【接收到的notify通知】:
<xml><appid><![CDATA[wx92970832ecad238a]]></appid>
<bank_type><![CDATA[CFT]]></bank_type>
<cash_fee><![CDATA[1]]></cash_fee>
<fee_type><![CDATA[CNY]]></fee_type>
<is_subscribe><![CDATA[Y]]></is_subscribe>
<mch_id><![CDATA[1233219102]]></mch_id>
<nonce_str><![CDATA[iqit2m313sijevrdcrvs2sy42p6e9h9n]]></nonce_str>
<openid><![CDATA[onSWAuD2EEMjOkGSA_ik0RUP3XUE]]></openid>
<out_trade_no><![CDATA[2015112233333]]></out_trade_no>
<result_code><![CDATA[SUCCESS]]></result_code>
<return_code><![CDATA[SUCCESS]]></return_code>
<sign><![CDATA[7BB0C2F40E86F75F4A4E4A3638F30DD9]]></sign>
<time_end><![CDATA[20151122203348]]></time_end>
<total_fee>1</total_fee>
<trade_type><![CDATA[JSAPI]]></trade_type>
<transaction_id><![CDATA[1004521018201511221720204704]]></transaction_id>
</xml>


执行日期：2015-11-22-20:33:49
【支付成功】:
2015112233333


执行日期：2015-11-23-14:22:42
【接收到的notify通知】:
<xml><appid><![CDATA[wx92970832ecad238a]]></appid>
<bank_type><![CDATA[CFT]]></bank_type>
<cash_fee><![CDATA[100]]></cash_fee>
<fee_type><![CDATA[CNY]]></fee_type>
<is_subscribe><![CDATA[N]]></is_subscribe>
<mch_id><![CDATA[1233219102]]></mch_id>
<nonce_str><![CDATA[urojtdoh7r4pt69bes6b8qzhwhcixq43]]></nonce_str>
<openid><![CDATA[onSWAuGTB5I2ChSR2lODU-QARgQQ]]></openid>
<out_trade_no><![CDATA[2015112349348]]></out_trade_no>
<result_code><![CDATA[SUCCESS]]></result_code>
<return_code><![CDATA[SUCCESS]]></return_code>
<sign><![CDATA[7E717769E4396831DB04372D89FA7B16]]></sign>
<time_end><![CDATA[20151123142241]]></time_end>
<total_fee>100</total_fee>
<trade_type><![CDATA[JSAPI]]></trade_type>
<transaction_id><![CDATA[1004991018201511231729264927]]></transaction_id>
</xml>


执行日期：2015-11-23-14:22:42
【支付成功】:
2015112349348


执行日期：2015-11-23-14:23:35
【接收到的notify通知】:
<xml><appid><![CDATA[wx92970832ecad238a]]></appid>
<bank_type><![CDATA[CFT]]></bank_type>
<cash_fee><![CDATA[1]]></cash_fee>
<fee_type><![CDATA[CNY]]></fee_type>
<is_subscribe><![CDATA[Y]]></is_subscribe>
<mch_id><![CDATA[1233219102]]></mch_id>
<nonce_str><![CDATA[nbp3hvp8qytwc78tvgvz7ltcadit0njs]]></nonce_str>
<openid><![CDATA[onSWAuGTB5I2ChSR2lODU-QARgQQ]]></openid>
<out_trade_no><![CDATA[2015112379042]]></out_trade_no>
<result_code><![CDATA[SUCCESS]]></result_code>
<return_code><![CDATA[SUCCESS]]></return_code>
<sign><![CDATA[6B2504A0BE19ED8095FEA04846324C62]]></sign>
<time_end><![CDATA[20151123142334]]></time_end>
<total_fee>1</total_fee>
<trade_type><![CDATA[JSAPI]]></trade_type>
<transaction_id><![CDATA[1004991018201511231729286501]]></transaction_id>
</xml>


执行日期：2015-11-23-14:23:36
【支付成功】:
2015112379042


执行日期：2015-11-23-18:04:21
【接收到的notify通知】:
<xml><appid><![CDATA[wx92970832ecad238a]]></appid>
<bank_type><![CDATA[CFT]]></bank_type>
<cash_fee><![CDATA[1]]></cash_fee>
<fee_type><![CDATA[CNY]]></fee_type>
<is_subscribe><![CDATA[N]]></is_subscribe>
<mch_id><![CDATA[1233219102]]></mch_id>
<nonce_str><![CDATA[6oo04ord5utq6dq0qdy8vs7xvelitkvd]]></nonce_str>
<openid><![CDATA[onSWAuBlBvsde786btkamFVuf8ew]]></openid>
<out_trade_no><![CDATA[2015112380669]]></out_trade_no>
<result_code><![CDATA[SUCCESS]]></result_code>
<return_code><![CDATA[SUCCESS]]></return_code>
<sign><![CDATA[66F9EA059E88DD18049DB663EFAD0B2C]]></sign>
<time_end><![CDATA[20151123180421]]></time_end>
<total_fee>1</total_fee>
<trade_type><![CDATA[JSAPI]]></trade_type>
<transaction_id><![CDATA[1009241018201511231732550457]]></transaction_id>
</xml>


执行日期：2015-11-23-18:04:24
【支付成功】:
2015112380669


执行日期：2015-11-23-18:04:36
【接收到的notify通知】:
<xml><appid><![CDATA[wx92970832ecad238a]]></appid>
<bank_type><![CDATA[CFT]]></bank_type>
<cash_fee><![CDATA[1]]></cash_fee>
<fee_type><![CDATA[CNY]]></fee_type>
<is_subscribe><![CDATA[N]]></is_subscribe>
<mch_id><![CDATA[1233219102]]></mch_id>
<nonce_str><![CDATA[6oo04ord5utq6dq0qdy8vs7xvelitkvd]]></nonce_str>
<openid><![CDATA[onSWAuBlBvsde786btkamFVuf8ew]]></openid>
<out_trade_no><![CDATA[2015112380669]]></out_trade_no>
<result_code><![CDATA[SUCCESS]]></result_code>
<return_code><![CDATA[SUCCESS]]></return_code>
<sign><![CDATA[66F9EA059E88DD18049DB663EFAD0B2C]]></sign>
<time_end><![CDATA[20151123180421]]></time_end>
<total_fee>1</total_fee>
<trade_type><![CDATA[JSAPI]]></trade_type>
<transaction_id><![CDATA[1009241018201511231732550457]]></transaction_id>
</xml>


执行日期：2015-11-23-18:04:37
【支付成功】:
2015112380669


执行日期：2015-11-23-20:26:40
【接收到的notify通知】:
<xml><appid><![CDATA[wx92970832ecad238a]]></appid>
<bank_type><![CDATA[CFT]]></bank_type>
<cash_fee><![CDATA[88]]></cash_fee>
<fee_type><![CDATA[CNY]]></fee_type>
<is_subscribe><![CDATA[Y]]></is_subscribe>
<mch_id><![CDATA[1233219102]]></mch_id>
<nonce_str><![CDATA[9m2i2h73n5zy7uomab5y4nsjq8453yz7]]></nonce_str>
<openid><![CDATA[onSWAuGTB5I2ChSR2lODU-QARgQQ]]></openid>
<out_trade_no><![CDATA[2015112382821]]></out_trade_no>
<result_code><![CDATA[SUCCESS]]></result_code>
<return_code><![CDATA[SUCCESS]]></return_code>
<sign><![CDATA[949E29AD0ED8F1425B06FBCA4DB7B883]]></sign>
<time_end><![CDATA[20151123202639]]></time_end>
<total_fee>88</total_fee>
<trade_type><![CDATA[JSAPI]]></trade_type>
<transaction_id><![CDATA[1004991018201511231734916484]]></transaction_id>
</xml>


执行日期：2015-11-23-20:26:42
【支付成功】:
2015112382821


执行日期：2015-11-23-20:26:59
【接收到的notify通知】:
<xml><appid><![CDATA[wx92970832ecad238a]]></appid>
<bank_type><![CDATA[CFT]]></bank_type>
<cash_fee><![CDATA[88]]></cash_fee>
<fee_type><![CDATA[CNY]]></fee_type>
<is_subscribe><![CDATA[Y]]></is_subscribe>
<mch_id><![CDATA[1233219102]]></mch_id>
<nonce_str><![CDATA[9m2i2h73n5zy7uomab5y4nsjq8453yz7]]></nonce_str>
<openid><![CDATA[onSWAuGTB5I2ChSR2lODU-QARgQQ]]></openid>
<out_trade_no><![CDATA[2015112382821]]></out_trade_no>
<result_code><![CDATA[SUCCESS]]></result_code>
<return_code><![CDATA[SUCCESS]]></return_code>
<sign><![CDATA[949E29AD0ED8F1425B06FBCA4DB7B883]]></sign>
<time_end><![CDATA[20151123202639]]></time_end>
<total_fee>88</total_fee>
<trade_type><![CDATA[JSAPI]]></trade_type>
<transaction_id><![CDATA[1004991018201511231734916484]]></transaction_id>
</xml>


执行日期：2015-11-23-20:27:00
【支付成功】:
2015112382821


执行日期：2015-11-24-15:52:21
【接收到的notify通知】:
<xml><appid><![CDATA[wx92970832ecad238a]]></appid>
<bank_type><![CDATA[CFT]]></bank_type>
<cash_fee><![CDATA[1]]></cash_fee>
<fee_type><![CDATA[CNY]]></fee_type>
<is_subscribe><![CDATA[Y]]></is_subscribe>
<mch_id><![CDATA[1233219102]]></mch_id>
<nonce_str><![CDATA[5c4yazy7dt93bfdsgcevcyfgxfxfh7o1]]></nonce_str>
<openid><![CDATA[onSWAuOcOaSJgGidvKTJoj6u0rCc]]></openid>
<out_trade_no><![CDATA[2015112410546]]></out_trade_no>
<result_code><![CDATA[SUCCESS]]></result_code>
<return_code><![CDATA[SUCCESS]]></return_code>
<sign><![CDATA[C5ECEE2CF75C1201ADF141491B4D5E15]]></sign>
<time_end><![CDATA[20151124155218]]></time_end>
<total_fee>1</total_fee>
<trade_type><![CDATA[JSAPI]]></trade_type>
<transaction_id><![CDATA[1004851018201511241745229267]]></transaction_id>
</xml>


执行日期：2015-11-24-15:52:38
【接收到的notify通知】:
<xml><appid><![CDATA[wx92970832ecad238a]]></appid>
<bank_type><![CDATA[CFT]]></bank_type>
<cash_fee><![CDATA[1]]></cash_fee>
<fee_type><![CDATA[CNY]]></fee_type>
<is_subscribe><![CDATA[Y]]></is_subscribe>
<mch_id><![CDATA[1233219102]]></mch_id>
<nonce_str><![CDATA[5c4yazy7dt93bfdsgcevcyfgxfxfh7o1]]></nonce_str>
<openid><![CDATA[onSWAuOcOaSJgGidvKTJoj6u0rCc]]></openid>
<out_trade_no><![CDATA[2015112410546]]></out_trade_no>
<result_code><![CDATA[SUCCESS]]></result_code>
<return_code><![CDATA[SUCCESS]]></return_code>
<sign><![CDATA[C5ECEE2CF75C1201ADF141491B4D5E15]]></sign>
<time_end><![CDATA[20151124155218]]></time_end>
<total_fee>1</total_fee>
<trade_type><![CDATA[JSAPI]]></trade_type>
<transaction_id><![CDATA[1004851018201511241745229267]]></transaction_id>
</xml>


